<?xml version="1.0" encoding="UTF-8"?>
<!-- Generated by org.testng.reporters.JUnitReportReporter -->
<testsuite hostname="DESKTOP-LGQ4M5A" failures="0" tests="2" name="practice.Demo" time="0.002" errors="0" timestamp="2024-05-06T16:09:30 IST" skipped="0">
  <testcase classname="practice.Demo" name="m2" time="0.001"/>
  <system-out>
    <![CDATA[hello good morning]]>
  </system-out>
  <testcase classname="practice.Demo" name="m1" time="0.001"/>
  <system-out>
    <![CDATA[hii]]>
  </system-out>
</testsuite> <!-- practice.Demo -->
