<?xml version="1.0" encoding="UTF-8"?>
<!-- Generated by org.testng.reporters.JUnitReportReporter -->
<testsuite hostname="DESKTOP-LGQ4M5A" failures="0" tests="3" name="batchexecution.A" time="0.006" errors="0" timestamp="2024-05-06T16:09:30 IST" skipped="1">
  <testcase classname="batchexecution.A" name="TC2" time="0.001"/>
  <system-out>
    <![CDATA[I am TC2]]>
  </system-out>
  <testcase classname="batchexecution.A" name="TC1" time="0.005"/>
  <system-out>
    <![CDATA[I am TC1]]>
  </system-out>
  <testcase classname="batchexecution.A" name="TC3">
    <skipped/>
  </testcase> <!-- TC3 -->
  <system-out/>
</testsuite> <!-- batchexecution.A -->
