<?xml version="1.0" encoding="UTF-8"?>
<!-- Generated by org.testng.reporters.JUnitReportReporter -->
<testsuite hostname="DESKTOP-LGQ4M5A" failures="0" tests="4" name="groupexecution.Group" time="0.007" errors="0" timestamp="2024-05-06T16:09:30 IST" skipped="0">
  <testcase classname="groupexecution.Group" name="verifyurl" time="0.003"/>
  <system-out>
    <![CDATA[smoke test case]]>
  </system-out>
  <testcase classname="groupexecution.Group" name="verifylogo" time="0.001"/>
  <system-out>
    <![CDATA[smoke test case]]>
  </system-out>
  <testcase classname="groupexecution.Group" name="login" time="0.001"/>
  <system-out>
    <![CDATA[functional test case]]>
  </system-out>
  <testcase classname="groupexecution.Group" name="logout" time="0.002"/>
  <system-out>
    <![CDATA[functional test case]]>
  </system-out>
</testsuite> <!-- groupexecution.Group -->
