<?xml version="1.0" encoding="UTF-8"?>
<!-- Generated by org.testng.reporters.JUnitReportReporter -->
<testsuite hostname="DESKTOP-LGQ4M5A" failures="0" tests="5" name="testNG_keywords.invocation" time="0.011" errors="0" timestamp="2024-05-06T16:09:30 IST" skipped="0">
  <testcase classname="testNG_keywords.invocation" name="m1" time="0.004"/>
  <system-out>
    <![CDATA[naresh it]]>
  </system-out>
  <testcase classname="testNG_keywords.invocation" name="m1" time="0.002"/>
  <system-out>
    <![CDATA[naresh it]]>
  </system-out>
  <testcase classname="testNG_keywords.invocation" name="m1" time="0.003"/>
  <system-out>
    <![CDATA[naresh it]]>
  </system-out>
  <testcase classname="testNG_keywords.invocation" name="m1" time="0.001"/>
  <system-out>
    <![CDATA[naresh it]]>
  </system-out>
  <testcase classname="testNG_keywords.invocation" name="m1" time="0.001"/>
  <system-out>
    <![CDATA[naresh it]]>
  </system-out>
</testsuite> <!-- testNG_keywords.invocation -->
