<?xml version="1.0" encoding="UTF-8"?>
<!-- Generated by org.testng.reporters.JUnitReportReporter -->
<testsuite hostname="DESKTOP-LGQ4M5A" failures="0" tests="2" name="testNG_keywords.Enabled" time="0.002" errors="0" timestamp="2024-05-06T16:09:30 IST" skipped="1">
  <testcase classname="testNG_keywords.Enabled" name="m1" time="0.002"/>
  <system-out>
    <![CDATA[Hii,true]]>
  </system-out>
  <testcase classname="testNG_keywords.Enabled" name="m2">
    <skipped/>
  </testcase> <!-- m2 -->
  <system-out/>
</testsuite> <!-- testNG_keywords.Enabled -->
