<?xml version="1.0" encoding="UTF-8"?>
<!-- Generated by org.testng.reporters.JUnitReportReporter -->
<testsuite hostname="DESKTOP-LGQ4M5A" failures="0" tests="5" name="practice.invocation" time="0.016" errors="0" timestamp="2024-04-22T13:48:40 IST" skipped="0">
  <testcase classname="practice.invocation" name="m1" time="0.001"/>
  <system-out>
    <![CDATA[naresh it]]>
  </system-out>
  <testcase classname="practice.invocation" name="m1" time="0.003"/>
  <system-out>
    <![CDATA[naresh it]]>
  </system-out>
  <testcase classname="practice.invocation" name="m1" time="0.001"/>
  <system-out>
    <![CDATA[naresh it]]>
  </system-out>
  <testcase classname="practice.invocation" name="m1" time="0.002"/>
  <system-out>
    <![CDATA[naresh it]]>
  </system-out>
  <testcase classname="practice.invocation" name="m1" time="0.009"/>
  <system-out>
    <![CDATA[naresh it]]>
  </system-out>
</testsuite> <!-- practice.invocation -->
