<?xml version="1.0" encoding="UTF-8"?>
<!-- Generated by org.testng.reporters.JUnitReportReporter -->
<testsuite hostname="DESKTOP-LGQ4M5A" failures="0" tests="1" name="DDF.NotepadDataFetching" time="0.029" errors="0" timestamp="2024-05-06T16:09:30 IST" skipped="0">
  <testcase classname="DDF.NotepadDataFetching" name="readDatafromNotepad" time="0.029"/>
  <system-out/>
</testsuite> <!-- DDF.NotepadDataFetching -->
