<?xml version="1.0" encoding="UTF-8"?>
<!-- Generated by org.testng.reporters.JUnitReportReporter -->
<testsuite hostname="DESKTOP-LGQ4M5A" failures="0" tests="1" name="testNG_keywords.Timeouts" time="0.020" errors="0" timestamp="2024-05-06T16:09:30 IST" skipped="0">
  <testcase classname="testNG_keywords.Timeouts" name="testcase" time="0.020"/>
  <system-out>
    <![CDATA[hiii]]>
  </system-out>
</testsuite> <!-- testNG_keywords.Timeouts -->
