<?xml version="1.0" encoding="UTF-8"?>
<!-- Generated by org.testng.reporters.JUnitReportReporter -->
<testsuite hostname="DESKTOP-LGQ4M5A" failures="0" tests="1" name="testNG_keywords.Annotations_Flow" time="0.001" errors="0" timestamp="2024-05-06T16:09:30 IST" skipped="0">
  <testcase classname="testNG_keywords.Annotations_Flow" name="mainTC" time="0.001"/>
  <system-out/>
</testsuite> <!-- testNG_keywords.Annotations_Flow -->
