<?xml version="1.0" encoding="UTF-8"?>
<!-- Generated by org.testng.reporters.JUnitReportReporter -->
<testsuite hostname="DESKTOP-LGQ4M5A" failures="0" tests="1" name="parallelexecution.P2" time="6.826" errors="0" timestamp="2024-05-06T16:09:30 IST" skipped="0">
  <testcase classname="parallelexecution.P2" name="TC2" time="6.826"/>
  <system-out/>
</testsuite> <!-- parallelexecution.P2 -->
