<?xml version="1.0" encoding="UTF-8"?>
<!-- Generated by org.testng.reporters.JUnitReportReporter -->
<testsuite hostname="DESKTOP-LGQ4M5A" failures="0" tests="1" name="practice.A" time="0.002" errors="0" timestamp="2024-05-06T16:09:30 IST" skipped="0">
  <testcase classname="practice.A" name="m1" time="0.002"/>
  <system-out>
    <![CDATA[testng project]]>
  </system-out>
</testsuite> <!-- practice.A -->
