<?xml version="1.0" encoding="UTF-8"?>
<!-- Generated by org.testng.reporters.JUnitReportReporter -->
<testsuite hostname="DESKTOP-LGQ4M5A" failures="0" tests="2" name="testNG_keywords.priority" time="0.007" errors="0" timestamp="2024-05-06T16:09:30 IST" skipped="0">
  <testcase classname="testNG_keywords.priority" name="login" time="0.006"/>
  <system-out>
    <![CDATA[login to application]]>
  </system-out>
  <testcase classname="testNG_keywords.priority" name="logout" time="0.001"/>
  <system-out>
    <![CDATA[logout from application]]>
  </system-out>
</testsuite> <!-- testNG_keywords.priority -->
