<?xml version="1.0" encoding="UTF-8"?>
<!-- Generated by org.testng.reporters.JUnitReportReporter -->
<testsuite hostname="DESKTOP-LGQ4M5A" failures="0" tests="1" name="parallelexecution.P1" time="2.332" errors="0" timestamp="2024-05-06T16:09:30 IST" skipped="0">
  <testcase classname="parallelexecution.P1" name="TC1" time="2.332"/>
  <system-out/>
</testsuite> <!-- parallelexecution.P1 -->
