<?xml version="1.0" encoding="UTF-8"?>
<!-- Generated by org.testng.reporters.JUnitReportReporter -->
<testsuite hostname="DESKTOP-LGQ4M5A" failures="0" tests="3" name="batchexecution.B" time="0.004" errors="0" timestamp="2024-05-06T16:09:30 IST" skipped="0">
  <testcase classname="batchexecution.B" name="TC4" time="0.001"/>
  <system-out>
    <![CDATA[I am TC4]]>
  </system-out>
  <testcase classname="batchexecution.B" name="TC5" time="0.002"/>
  <system-out>
    <![CDATA[I am TC5]]>
  </system-out>
  <testcase classname="batchexecution.B" name="TC6" time="0.001"/>
  <system-out>
    <![CDATA[I am TC6]]>
  </system-out>
</testsuite> <!-- batchexecution.B -->
