<?xml version="1.0" encoding="UTF-8"?>
<!-- Generated by org.testng.reporters.JUnitReportReporter -->
<testsuite hostname="DESKTOP-LGQ4M5A" failures="0" tests="3" name="batchexecution.C" time="0.006" errors="0" timestamp="2024-05-06T16:09:30 IST" skipped="0">
  <testcase classname="batchexecution.C" name="TC7" time="0.001"/>
  <system-out>
    <![CDATA[I am TC7]]>
  </system-out>
  <testcase classname="batchexecution.C" name="TC9" time="0.003"/>
  <system-out>
    <![CDATA[I am TC9]]>
  </system-out>
  <testcase classname="batchexecution.C" name="TC8" time="0.002"/>
  <system-out>
    <![CDATA[I am TC8]]>
  </system-out>
</testsuite> <!-- batchexecution.C -->
